<?xml version="1.0" encoding="UTF-8"?>
<!-- Generated by org.testng.reporters.JUnitReportReporter -->
<testsuite hostname="DESKTOP-5S3H1BI" failures="0" tests="1" name="Testscript.QALegenddeleteNote$QALegendNoteTest" time="21.172" errors="0" timestamp="2024-12-16T01:19:07 IST" skipped="0">
  <testcase classname="Testscript.QALegenddeleteNote$QALegendNoteTest" name="addNote" time="21.172"/>
</testsuite> <!-- Testscript.QALegenddeleteNote$QALegendNoteTest -->
