<?xml version="1.0" encoding="UTF-8"?>
<!-- Generated by org.testng.reporters.JUnitReportReporter -->
<testsuite hostname="DESKTOP-5S3H1BI" failures="0" tests="1" name="Testscript.QALgendDEleteEstimate" time="19.173" errors="0" timestamp="2024-12-16T01:27:40 IST" skipped="0">
  <testcase classname="Testscript.QALgendDEleteEstimate" name="AddEstimate" time="19.173"/>
</testsuite> <!-- Testscript.QALgendDEleteEstimate -->
