<?xml version="1.0" encoding="UTF-8"?>
<!-- Generated by org.testng.reporters.JUnitReportReporter -->
<testsuite hostname="DESKTOP-5S3H1BI" failures="0" tests="1" name="Testscript.QALegendProjectEditTest" time="11.096" errors="0" timestamp="2024-12-16T01:19:07 IST" skipped="0">
  <testcase classname="Testscript.QALegendProjectEditTest" name="edit_test" time="11.096"/>
</testsuite> <!-- Testscript.QALegendProjectEditTest -->
